<?xml version="1.0" encoding="UTF-8"?>
<coverage generated="1575020615431" clover="3.2.0">
  <project timestamp="1575020615431" name="All files">
    <metrics statements="13" coveredstatements="2" conditionals="0" coveredconditionals="0" methods="2" coveredmethods="1" elements="15" coveredelements="3" complexity="0" loc="13" ncloc="13" packages="1" files="1" classes="1"/>
    <file name="dtTable.js" path="/home/nik/DEV/my/blackchaose.js_dev_boilerplate/src/dtTable.js">
      <metrics statements="13" coveredstatements="2" conditionals="0" coveredconditionals="0" methods="2" coveredmethods="1"/>
      <line num="1" count="2" type="stmt"/>
      <line num="3" count="1" type="stmt"/>
      <line num="5" count="0" type="stmt"/>
      <line num="6" count="0" type="stmt"/>
      <line num="7" count="0" type="stmt"/>
      <line num="8" count="0" type="stmt"/>
      <line num="10" count="0" type="stmt"/>
      <line num="11" count="0" type="stmt"/>
      <line num="12" count="0" type="stmt"/>
      <line num="13" count="0" type="stmt"/>
      <line num="14" count="0" type="stmt"/>
      <line num="15" count="0" type="stmt"/>
      <line num="16" count="0" type="stmt"/>
    </file>
  </project>
</coverage>
