{"/home/nik/DEV/my/blackchaose.js_dev_boilerplate/src/dtTable.js": {"path":"/home/nik/DEV/my/blackchaose.js_dev_boilerplate/src/dtTable.js","statementMap":{"0":{"start":{"line":1,"column":12},"end":{"line":1,"column":27}},"1":{"start":{"line":1,"column":22},"end":{"line":1,"column":27}},"2":{"start":{"line":3,"column":15},"end":{"line":17,"column":1}},"3":{"start":{"line":5,"column":14},"end":{"line":5,"column":45}},"4":{"start":{"line":6,"column":18},"end":{"line":6,"column":46}},"5":{"start":{"line":7,"column":16},"end":{"line":7,"column":44}},"6":{"start":{"line":8,"column":16},"end":{"line":8,"column":44}},"7":{"start":{"line":10,"column":2},"end":{"line":10,"column":34}},"8":{"start":{"line":11,"column":2},"end":{"line":11,"column":32}},"9":{"start":{"line":12,"column":2},"end":{"line":12,"column":22}},"10":{"start":{"line":13,"column":2},"end":{"line":13,"column":24}},"11":{"start":{"line":14,"column":2},"end":{"line":14,"column":22}},"12":{"start":{"line":15,"column":2},"end":{"line":15,"column":18}},"13":{"start":{"line":16,"column":2},"end":{"line":16,"column":13}}},"fnMap":{"0":{"name":"(anonymous_0)","decl":{"start":{"line":1,"column":12},"end":{"line":1,"column":13}},"loc":{"start":{"line":1,"column":22},"end":{"line":1,"column":27}},"line":1},"1":{"name":"(anonymous_1)","decl":{"start":{"line":3,"column":15},"end":{"line":3,"column":16}},"loc":{"start":{"line":3,"column":24},"end":{"line":17,"column":1}},"line":3}},"branchMap":{},"s":{"0":1,"1":2,"2":1,"3":0,"4":0,"5":0,"6":0,"7":0,"8":0,"9":0,"10":0,"11":0,"12":0,"13":0},"f":{"0":2,"1":0},"b":{},"_coverageSchema":"43e27e138ebf9cfc5966b082cf9a028302ed4184","hash":"5e68081f4ca16364d19581f45220a8eb9150049a"}
}
